Compiling the C compiler identification source file "CMakeCCompilerId.c" failed.
Compiler: /Applications/Xcode.app/Contents/Developer/Toolchains/XcodeDefault.xctoolchain/usr/bin/cc 
Build flags: ;-fopenmp;-O3
Id flags:  

The output was:
1
clang: error: unsupported option '-fopenmp'
clang: error: unsupported option '-fopenmp'


Compiling the C compiler identification source file "CMakeCCompilerId.c" failed.
Compiler: /Applications/Xcode.app/Contents/Developer/Toolchains/XcodeDefault.xctoolchain/usr/bin/cc 
Build flags: ;-fopenmp;-O3
Id flags: -c 

The output was:
1
clang: error: unsupported option '-fopenmp'


Compiling the C compiler identification source file "CMakeCCompilerId.c" failed.
Compiler: /Applications/Xcode.app/Contents/Developer/Toolchains/XcodeDefault.xctoolchain/usr/bin/cc 
Build flags: ;-fopenmp;-O3
Id flags: -Aa 

The output was:
1
clang: error: unsupported option '-fopenmp'
clang: error: unsupported option '-fopenmp'


Compiling the C compiler identification source file "CMakeCCompilerId.c" failed.
Compiler: /Applications/Xcode.app/Contents/Developer/Toolchains/XcodeDefault.xctoolchain/usr/bin/cc 
Build flags: ;-fopenmp;-O3
Id flags: -D__CLASSIC_C__ 

The output was:
1
clang: error: unsupported option '-fopenmp'
clang: error: unsupported option '-fopenmp'


Compiling the CXX compiler identification source file "CMakeCXXCompilerId.cpp" failed.
Compiler: /Applications/Xcode.app/Contents/Developer/Toolchains/XcodeDefault.xctoolchain/usr/bin/c++ 
Build flags: ;-fopenmp;-std=c++11;-O3
Id flags:  

The output was:
1
clang: error: unsupported option '-fopenmp'
clang: error: unsupported option '-fopenmp'


Compiling the CXX compiler identification source file "CMakeCXXCompilerId.cpp" failed.
Compiler: /Applications/Xcode.app/Contents/Developer/Toolchains/XcodeDefault.xctoolchain/usr/bin/c++ 
Build flags: ;-fopenmp;-std=c++11;-O3
Id flags: -c 

The output was:
1
clang: error: unsupported option '-fopenmp'


Compiling the CXX compiler identification source file "CMakeCXXCompilerId.cpp" failed.
Compiler: /Applications/Xcode.app/Contents/Developer/Toolchains/XcodeDefault.xctoolchain/usr/bin/c++ 
Build flags: ;-fopenmp;-std=c++11;-O3
Id flags: --c++ 

The output was:
1
clang: error: unsupported option '--c++'
clang: error: unsupported option '-fopenmp'
clang: error: unsupported option '-fopenmp'


Compiling the CXX compiler identification source file "CMakeCXXCompilerId.cpp" failed.
Compiler: /Applications/Xcode.app/Contents/Developer/Toolchains/XcodeDefault.xctoolchain/usr/bin/c++ 
Build flags: ;-fopenmp;-std=c++11;-O3
Id flags: --ec++ 

The output was:
1
clang: error: unsupported option '--ec++'
clang: error: unsupported option '-fopenmp'
clang: error: unsupported option '-fopenmp'


Determining if the C compiler works failed with the following output:
Change Dir: /Users/olivier/Projects/PhD/dynamicindex/src/build/CMakeFiles/CMakeTmp

Run Build Command:"/usr/bin/make" "cmTC_4659f/fast"
/Applications/Xcode.app/Contents/Developer/usr/bin/make -f CMakeFiles/cmTC_4659f.dir/build.make CMakeFiles/cmTC_4659f.dir/build
Building C object CMakeFiles/cmTC_4659f.dir/testCCompiler.c.o
/Applications/Xcode.app/Contents/Developer/Toolchains/XcodeDefault.xctoolchain/usr/bin/cc   -fopenmp -O3  -isysroot /Applications/Xcode.app/Contents/Developer/Platforms/MacOSX.platform/Developer/SDKs/MacOSX10.14.sdk   -o CMakeFiles/cmTC_4659f.dir/testCCompiler.c.o   -c /Users/olivier/Projects/PhD/dynamicindex/src/build/CMakeFiles/CMakeTmp/testCCompiler.c
clang: error: unsupported option '-fopenmp'
make[1]: *** [CMakeFiles/cmTC_4659f.dir/testCCompiler.c.o] Error 1
make: *** [cmTC_4659f/fast] Error 2


Determining if the C compiler works failed with the following output:
Change Dir: /Users/olivier/Projects/PhD/dynamicindex/src/build/CMakeFiles/CMakeTmp

Run Build Command:"/usr/bin/make" "cmTC_f2305/fast"
/Applications/Xcode.app/Contents/Developer/usr/bin/make -f CMakeFiles/cmTC_f2305.dir/build.make CMakeFiles/cmTC_f2305.dir/build
Building C object CMakeFiles/cmTC_f2305.dir/testCCompiler.c.o
/usr/local/opt/llvm/bin/clang   -fopenmp -O3  -isysroot /Applications/Xcode.app/Contents/Developer/Platforms/MacOSX.platform/Developer/SDKs/MacOSX10.14.sdk   -o CMakeFiles/cmTC_f2305.dir/testCCompiler.c.o   -c /Users/olivier/Projects/PhD/dynamicindex/src/build/CMakeFiles/CMakeTmp/testCCompiler.c
Linking C executable cmTC_f2305
/usr/local/Cellar/cmake/3.13.1/bin/cmake -E cmake_link_script CMakeFiles/cmTC_f2305.dir/link.txt --verbose=1
/usr/local/opt/llvm/bin/clang  -fopenmp -O3  -isysroot /Applications/Xcode.app/Contents/Developer/Platforms/MacOSX.platform/Developer/SDKs/MacOSX10.14.sdk -Wl,-search_paths_first -Wl,-headerpad_max_install_names   CMakeFiles/cmTC_f2305.dir/testCCompiler.c.o  -o cmTC_f2305 
ld: library not found for -lomp
clang-8: error: linker command failed with exit code 1 (use -v to see invocation)
make[1]: *** [cmTC_f2305] Error 1
make: *** [cmTC_f2305/fast] Error 2


